<?xml version="1.0" encoding="UTF-8"?>
<!-- Generated by org.testng.reporters.JUnitReportReporter -->
<testsuite hostname="A4ML24373" name="testCases.ValidateErrorTest" tests="1" failures="0" timestamp="15 Jan 2019 19:22:20 GMT" time="20.109" errors="0">
  <testcase name="errorMessage" time="20.109" classname="testCases.ValidateErrorTest"/>
</testsuite> <!-- testCases.ValidateErrorTest -->
