<?xml version="1.0" encoding="UTF-8"?>
<!-- Generated by org.testng.reporters.JUnitReportReporter -->
<testsuite hostname="A4ML24373" name="testCases.ValidateLoginTest" tests="1" failures="0" timestamp="15 Jan 2019 19:22:20 GMT" time="12.651" errors="0">
  <testcase name="logintest" time="12.651" classname="testCases.ValidateLoginTest"/>
</testsuite> <!-- testCases.ValidateLoginTest -->
