<?xml version="1.0" encoding="UTF-8"?>
<!-- Generated by org.testng.reporters.JUnitReportReporter -->
<testsuite hostname="A4ML24373" name="testCases.ValidateError" tests="1" failures="0" timestamp="15 Jan 2019 18:33:05 GMT" time="19.118" errors="0">
  <testcase name="errorMessage" time="19.118" classname="testCases.ValidateError"/>
</testsuite> <!-- testCases.ValidateError -->
