<?xml version="1.0" encoding="UTF-8"?>
<!-- Generated by org.testng.reporters.JUnitReportReporter -->
<testsuite hostname="A4ML24373" name="testCases.ValidateLogin" tests="1" failures="0" timestamp="15 Jan 2019 18:33:05 GMT" time="12.933" errors="0">
  <testcase name="logintest" time="12.933" classname="testCases.ValidateLogin"/>
</testsuite> <!-- testCases.ValidateLogin -->
