<?xml version="1.0" encoding="UTF-8"?>
<!-- Generated by org.testng.reporters.JUnitReportReporter -->
<testsuite hostname="A4ML24373" name="testCases.ValidateLoginTest" tests="1" failures="0" timestamp="15 Jan 2019 18:56:15 GMT" time="17.845" errors="0">
  <testcase name="logintest" time="17.845" classname="testCases.ValidateLoginTest"/>
</testsuite> <!-- testCases.ValidateLoginTest -->
